<?xml version="1.0" encoding="UTF-8"?>
<!-- Generated by org.testng.reporters.JUnitReportReporter -->
<testsuite skipped="0" hostname="SCA-WS399" name="Example" tests="1" failures="0" timestamp="24 Jan 2018 20:54:50 GMT" time="0.008" errors="0">
  <testcase name="exampleOfTestNgMaven" time="0.008" classname="Example"/>
</testsuite> <!-- Example -->
